Using pre-set license
Built from '2021.3/release' branch; Version is '2021.3.12f1 (8af3c3e441b1) revision 9106371'; Using compiler version '192829333'; Build Type 'Release'
OS: 'Windows 10  (10.0.19044) 64bit Professional' Language: 'ko' Physical Memory: 16167 MB
BatchMode: 1, IsHumanControllingUs: 0, StartBugReporterOnCrash: 0, Is64bit: 1, IsPro: 1

COMMAND LINE ARGUMENTS:
C:\Program Files\Unity\Hub\Editor\2021.3.12f1\Editor\Unity.exe
-adb2
-batchMode
-noUpm
-name
AssetImportWorker6
-projectPath
C:/Users/BAEJINHWAN/Desktop/UnityProject/UdemyProject
-logFile
Logs/AssetImportWorker6.log
-srvPort
63208
Successfully changed project path to: C:/Users/BAEJINHWAN/Desktop/UnityProject/UdemyProject
C:/Users/BAEJINHWAN/Desktop/UnityProject/UdemyProject
[UnityMemory] Configuration Parameters - Can be set up in boot.config
    "memorysetup-bucket-allocator-granularity=16"
    "memorysetup-bucket-allocator-bucket-count=8"
    "memorysetup-bucket-allocator-block-size=33554432"
    "memorysetup-bucket-allocator-block-count=8"
    "memorysetup-main-allocator-block-size=16777216"
    "memorysetup-thread-allocator-block-size=16777216"
    "memorysetup-gfx-main-allocator-block-size=16777216"
    "memorysetup-gfx-thread-allocator-block-size=16777216"
    "memorysetup-cache-allocator-block-size=4194304"
    "memorysetup-typetree-allocator-block-size=2097152"
    "memorysetup-profiler-bucket-allocator-granularity=16"
    "memorysetup-profiler-bucket-allocator-bucket-count=8"
    "memorysetup-profiler-bucket-allocator-block-size=33554432"
    "memorysetup-profiler-bucket-allocator-block-count=8"
    "memorysetup-profiler-allocator-block-size=16777216"
    "memorysetup-profiler-editor-allocator-block-size=1048576"
    "memorysetup-temp-allocator-size-main=16777216"
    "memorysetup-job-temp-allocator-block-size=2097152"
    "memorysetup-job-temp-allocator-block-size-background=1048576"
    "memorysetup-job-temp-allocator-reduction-small-platforms=262144"
    "memorysetup-temp-allocator-size-background-worker=32768"
    "memorysetup-temp-allocator-size-job-worker=262144"
    "memorysetup-temp-allocator-size-preload-manager=33554432"
    "memorysetup-temp-allocator-size-nav-mesh-worker=65536"
    "memorysetup-temp-allocator-size-audio-worker=65536"
    "memorysetup-temp-allocator-size-cloud-worker=32768"
    "memorysetup-temp-allocator-size-gi-baking-worker=262144"
    "memorysetup-temp-allocator-size-gfx=262144"
Refreshing native plugins compatible for Editor in 99.05 ms, found 3 plugins.
Preloading 0 native plugins for Editor in 0.00 ms.
Initialize engine version: 2021.3.12f1 (8af3c3e441b1)
[Subsystems] Discovering subsystems at path C:/Program Files/Unity/Hub/Editor/2021.3.12f1/Editor/Data/Resources/UnitySubsystems
[Subsystems] Discovering subsystems at path C:/Users/BAEJINHWAN/Desktop/UnityProject/UdemyProject/Assets
GfxDevice: creating device client; threaded=0; jobified=0
Direct3D:
    Version:  Direct3D 11.0 [level 11.1]
    Renderer: NVIDIA GeForce RTX 3050 Ti Laptop GPU (ID=0x25e0)
    Vendor:   NVIDIA
    VRAM:     3990 MB
    Driver:   30.0.15.1236
Initialize mono
Mono path[0] = 'C:/Program Files/Unity/Hub/Editor/2021.3.12f1/Editor/Data/Managed'
Mono path[1] = 'C:/Program Files/Unity/Hub/Editor/2021.3.12f1/Editor/Data/MonoBleedingEdge/lib/mono/unityjit-win32'
Mono config path = 'C:/Program Files/Unity/Hub/Editor/2021.3.12f1/Editor/Data/MonoBleedingEdge/etc'
Using monoOptions --debugger-agent=transport=dt_socket,embedding=1,server=y,suspend=n,address=127.0.0.1:56920
Begin MonoManager ReloadAssembly
Registering precompiled unity dll's ...
Register platform support module: C:/Program Files/Unity/Hub/Editor/2021.3.12f1/Editor/Data/PlaybackEngines/AndroidPlayer/UnityEditor.Android.Extensions.dll
Register platform support module: C:/Program Files/Unity/Hub/Editor/2021.3.12f1/Editor/Data/PlaybackEngines/WindowsStandaloneSupport/UnityEditor.WindowsStandalone.Extensions.dll
Registered in 0.011101 seconds.
Native extension for WindowsStandalone target not found
Native extension for Android target not found
Refreshing native plugins compatible for Editor in 119.36 ms, found 3 plugins.
Preloading 0 native plugins for Editor in 0.00 ms.
Mono: successfully reloaded assembly
- Completed reload, in  0.852 seconds
Domain Reload Profiling:
	ReloadAssembly (853ms)
		BeginReloadAssembly (121ms)
			ExecutionOrderSort (0ms)
			DisableScriptedObjects (0ms)
			BackupInstance (0ms)
			ReleaseScriptingObjects (0ms)
			CreateAndSetChildDomain (1ms)
		EndReloadAssembly (582ms)
			LoadAssemblies (118ms)
			RebuildTransferFunctionScriptingTraits (0ms)
			SetupTypeCache (130ms)
			ReleaseScriptCaches (0ms)
			RebuildScriptCaches (30ms)
			SetupLoadedEditorAssemblies (362ms)
				LogAssemblyErrors (0ms)
				InitializePlatformSupportModulesInManaged (68ms)
				SetLoadedEditorAssemblies (0ms)
				RefreshPlugins (119ms)
				BeforeProcessingInitializeOnLoad (2ms)
				ProcessInitializeOnLoadAttributes (119ms)
				ProcessInitializeOnLoadMethodAttributes (54ms)
				AfterProcessingInitializeOnLoad (0ms)
				EditorAssembliesLoaded (0ms)
			ExecutionOrderSort2 (0ms)
			AwakeInstancesAfterBackupRestoration (0ms)
Platform modules already initialized, skipping
Registering precompiled user dll's ...
Registered in 0.019434 seconds.
Begin MonoManager ReloadAssembly
Symbol file LoadedFromMemory doesn't match image C:\Users\BAEJINHWAN\Desktop\UnityProject\UdemyProject\Library\PackageCache\com.unity.visualscripting@1.7.8\Editor\VisualScripting.Core\Dependencies\YamlDotNet\Unity.VisualScripting.YamlDotNet.dll
Symbol file LoadedFromMemory doesn't match image C:\Users\BAEJINHWAN\Desktop\UnityProject\UdemyProject\Library\PackageCache\com.unity.visualscripting@1.7.8\Editor\VisualScripting.Core\Dependencies\DotNetZip\Unity.VisualScripting.IonicZip.dll
Native extension for WindowsStandalone target not found
Native extension for Android target not found
Refreshing native plugins compatible for Editor in 0.63 ms, found 3 plugins.
Preloading 0 native plugins for Editor in 0.00 ms.
Mono: successfully reloaded assembly
Package Manager log level set to [2]
- Completed reload, in  1.333 seconds
Domain Reload Profiling:
	ReloadAssembly (1336ms)
		BeginReloadAssembly (257ms)
			ExecutionOrderSort (0ms)
			DisableScriptedObjects (6ms)
			BackupInstance (0ms)
			ReleaseScriptingObjects (0ms)
			CreateAndSetChildDomain (139ms)
		EndReloadAssembly (945ms)
			LoadAssemblies (134ms)
			RebuildTransferFunctionScriptingTraits (0ms)
			SetupTypeCache (242ms)
			ReleaseScriptCaches (1ms)
			RebuildScriptCaches (57ms)
			SetupLoadedEditorAssemblies (478ms)
				LogAssemblyErrors (0ms)
				InitializePlatformSupportModulesInManaged (14ms)
				SetLoadedEditorAssemblies (0ms)
				RefreshPlugins (1ms)
				BeforeProcessingInitializeOnLoad (137ms)
				ProcessInitializeOnLoadAttributes (290ms)
				ProcessInitializeOnLoadMethodAttributes (27ms)
				AfterProcessingInitializeOnLoad (9ms)
				EditorAssembliesLoaded (0ms)
			ExecutionOrderSort2 (0ms)
			AwakeInstancesAfterBackupRestoration (9ms)
Platform modules already initialized, skipping
========================================================================
Worker process is ready to serve import requests
Launched and connected shader compiler UnityShaderCompiler.exe after 0.05 seconds
Refreshing native plugins compatible for Editor in 0.71 ms, found 3 plugins.
Preloading 0 native plugins for Editor in 0.00 ms.
Unloading 3742 Unused Serialized files (Serialized files now loaded: 0)
Unloading 47 unused Assets / (88.1 KB). Loaded Objects now: 4184.
Memory consumption went from 134.1 MB to 134.0 MB.
Total: 4.649800 ms (FindLiveObjects: 0.272600 ms CreateObjectMapping: 0.125900 ms MarkObjects: 4.141200 ms  DeleteObjects: 0.109200 ms)

AssetImportParameters requested are different than current active one (requested -> active):
  custom:video-decoder-ogg-theora: a1e56fd34408186e4bbccfd4996cb3dc -> 
  custom:container-muxer-webm: aa71ff27fc2769a1b78a27578f13a17b -> 
  custom:container-demuxer-webm: 4f35f7cbe854078d1ac9338744f61a02 -> 
  custom:video-encoder-webm-vp8: eb34c28f22e8b96e1ab97ce403110664 -> 
  custom:audio-encoder-webm-vorbis: bf7c407c2cedff20999df2af8eb42d56 -> 
  custom:framework-win-MediaFoundation: 216162199b28c13a410421893ffa2e32 -> 
  custom:container-demuxer-ogg: 62fdf1f143b41e24485cea50d1cbac27 -> 
  custom:video-decoder-webm-vp8: 9c59270c3fd7afecdb556c50c9e8de78 -> 
  custom:audio-decoder-ogg-vorbis: bf7c407c2cedff20999df2af8eb42d56 -> 
========================================================================
Received Import Request.
  Time since last request: 74742.439124 seconds.
  path: Assets/DigitalKonstrukt/Prototyping_Pack_Free/Resources/Materials/Prototyp_Material_2.mat
  artifactKey: Guid(f36bc83af7f442f4bb065c8dff3dda31) Importer(815301076,1909f56bfc062723c751e8b465ee728b)
Start importing Assets/DigitalKonstrukt/Prototyping_Pack_Free/Resources/Materials/Prototyp_Material_2.mat using Guid(f36bc83af7f442f4bb065c8dff3dda31) Importer(815301076,1909f56bfc062723c751e8b465ee728b)  -> (artifact id: '4b1cdb909be10a4dab9189a737c03401') in 0.213281 seconds 
========================================================================
Received Import Request.
  Time since last request: 0.000029 seconds.
  path: Assets/DigitalKonstrukt/Prototyping_Pack_Free/Resources/Materials/Prototyp_Material_7.mat
  artifactKey: Guid(1d995df76d244df4eafb5a026363c584) Importer(815301076,1909f56bfc062723c751e8b465ee728b)
Start importing Assets/DigitalKonstrukt/Prototyping_Pack_Free/Resources/Materials/Prototyp_Material_7.mat using Guid(1d995df76d244df4eafb5a026363c584) Importer(815301076,1909f56bfc062723c751e8b465ee728b)  -> (artifact id: 'b0f7b7b9d6aa11e2fcef0341e996dc86') in 0.036521 seconds 
========================================================================
Received Import Request.
  Time since last request: 0.000070 seconds.
  path: Assets/DigitalKonstrukt/Prototyping_Pack_Free/Resources/Materials/Prototyp_Material_3.mat
  artifactKey: Guid(420df58d3076a034094d7f2662b5b1de) Importer(815301076,1909f56bfc062723c751e8b465ee728b)
Start importing Assets/DigitalKonstrukt/Prototyping_Pack_Free/Resources/Materials/Prototyp_Material_3.mat using Guid(420df58d3076a034094d7f2662b5b1de) Importer(815301076,1909f56bfc062723c751e8b465ee728b)  -> (artifact id: 'a999ca2ed144bee7b77de8e694b4e9ca') in 0.026402 seconds 
========================================================================
Received Import Request.
  Time since last request: 0.000028 seconds.
  path: Assets/DigitalKonstrukt/Prototyping_Pack_Free/Resources/Materials/Prototyp_Material_6.mat
  artifactKey: Guid(c56b206169d606441bc20e1a416560ce) Importer(815301076,1909f56bfc062723c751e8b465ee728b)
Start importing Assets/DigitalKonstrukt/Prototyping_Pack_Free/Resources/Materials/Prototyp_Material_6.mat using Guid(c56b206169d606441bc20e1a416560ce) Importer(815301076,1909f56bfc062723c751e8b465ee728b)  -> (artifact id: 'd2892189fa7e37542d9b998937c4bad7') in 0.024324 seconds 
========================================================================
Received Import Request.
  Time since last request: 0.000039 seconds.
  path: Assets/DigitalKonstrukt/Prototyping_Pack_Free/Resources/Materials/Prototyp_Material_13.mat
  artifactKey: Guid(797bf488c630d4c4da4076a24ec6a432) Importer(815301076,1909f56bfc062723c751e8b465ee728b)
Start importing Assets/DigitalKonstrukt/Prototyping_Pack_Free/Resources/Materials/Prototyp_Material_13.mat using Guid(797bf488c630d4c4da4076a24ec6a432) Importer(815301076,1909f56bfc062723c751e8b465ee728b)  -> (artifact id: 'ab739112e08781c32fb1027687272c51') in 0.177616 seconds 
========================================================================
Received Import Request.
  Time since last request: 3.427263 seconds.
  path: Assets/DigitalKonstrukt/Prototyping_Pack_Free/Resources/Textures/proto_2.png
  artifactKey: Guid(8ddd254c86d435c438634a87443272a6) Importer(815301076,1909f56bfc062723c751e8b465ee728b)
Start importing Assets/DigitalKonstrukt/Prototyping_Pack_Free/Resources/Textures/proto_2.png using Guid(8ddd254c86d435c438634a87443272a6) Importer(815301076,1909f56bfc062723c751e8b465ee728b)  -> (artifact id: '585e170ce8f71873c8364e2208d59847') in 0.066827 seconds 
========================================================================
Received Import Request.
  Time since last request: 0.000047 seconds.
  path: Assets/DigitalKonstrukt/Prototyping_Pack_Free/Resources/Textures/Proto_grid.png
  artifactKey: Guid(42106d5139c46084e9338f3079c83481) Importer(815301076,1909f56bfc062723c751e8b465ee728b)
Start importing Assets/DigitalKonstrukt/Prototyping_Pack_Free/Resources/Textures/Proto_grid.png using Guid(42106d5139c46084e9338f3079c83481) Importer(815301076,1909f56bfc062723c751e8b465ee728b)  -> (artifact id: 'd390f50e22a236c3a471450e6cd89b79') in 0.025522 seconds 
========================================================================
Received Import Request.
  Time since last request: 0.000056 seconds.
  path: Assets/DigitalKonstrukt/Prototyping_Pack_Free/Resources/Textures/Proto_1024.png
  artifactKey: Guid(c0ac9c1f50050be448e74bfe03c4ea49) Importer(815301076,1909f56bfc062723c751e8b465ee728b)
Start importing Assets/DigitalKonstrukt/Prototyping_Pack_Free/Resources/Textures/Proto_1024.png using Guid(c0ac9c1f50050be448e74bfe03c4ea49) Importer(815301076,1909f56bfc062723c751e8b465ee728b)  -> (artifact id: 'd2c259e867b45ac875514f6a82eabf6f') in 0.023598 seconds 
========================================================================
Received Import Request.
  Time since last request: 0.000087 seconds.
  path: Assets/DigitalKonstrukt/Prototyping_Pack_Free/Resources/Textures/Proto_2_1024.png
  artifactKey: Guid(b934295811de5ee40be9049419db3e4c) Importer(815301076,1909f56bfc062723c751e8b465ee728b)
Start importing Assets/DigitalKonstrukt/Prototyping_Pack_Free/Resources/Textures/Proto_2_1024.png using Guid(b934295811de5ee40be9049419db3e4c) Importer(815301076,1909f56bfc062723c751e8b465ee728b)  -> (artifact id: '6f00e52450f70317d081516e8a18e082') in 0.024148 seconds 
========================================================================
Received Import Request.
  Time since last request: 0.000066 seconds.
  path: Assets/DigitalKonstrukt/Prototyping_Pack_Free/Resources/Textures/Proto_512.png
  artifactKey: Guid(fd8d1dc362f2e464a8c6dd071b1abda9) Importer(815301076,1909f56bfc062723c751e8b465ee728b)
Start importing Assets/DigitalKonstrukt/Prototyping_Pack_Free/Resources/Textures/Proto_512.png using Guid(fd8d1dc362f2e464a8c6dd071b1abda9) Importer(815301076,1909f56bfc062723c751e8b465ee728b)  -> (artifact id: 'c0e5811232f430a85e415a6b9c7579cc') in 0.024413 seconds 
========================================================================
Received Import Request.
  Time since last request: 0.000048 seconds.
  path: Assets/DigitalKonstrukt/Prototyping_Pack_Free/Resources/Textures/proto_interaction.png
  artifactKey: Guid(28974ca5cca518a41aaa5b621fb31a1b) Importer(815301076,1909f56bfc062723c751e8b465ee728b)
Start importing Assets/DigitalKonstrukt/Prototyping_Pack_Free/Resources/Textures/proto_interaction.png using Guid(28974ca5cca518a41aaa5b621fb31a1b) Importer(815301076,1909f56bfc062723c751e8b465ee728b)  -> (artifact id: 'd46f1dbc0d131282c444be23a545ea23') in 0.020622 seconds 
========================================================================
Received Import Request.
  Time since last request: 3.882070 seconds.
  path: Assets/DigitalKonstrukt/Prototyping_Pack_Free/Resources/Meshes/Bridges/PTK_Bridge_Medium.fbx
  artifactKey: Guid(411748f0a2f7f8247b4777562f960ba5) Importer(815301076,1909f56bfc062723c751e8b465ee728b)
Start importing Assets/DigitalKonstrukt/Prototyping_Pack_Free/Resources/Meshes/Bridges/PTK_Bridge_Medium.fbx using Guid(411748f0a2f7f8247b4777562f960ba5) Importer(815301076,1909f56bfc062723c751e8b465ee728b)  -> (artifact id: '8a21e246155ace00ca7c98a0f0d92c39') in 0.081878 seconds 
========================================================================
Received Import Request.
  Time since last request: 1.655339 seconds.
  path: Assets/DigitalKonstrukt/Prototyping_Pack_Free/Resources/Meshes/Collectables/PTK_Collectable_2.fbx
  artifactKey: Guid(7db42757b9c1bab409898528713982e0) Importer(815301076,1909f56bfc062723c751e8b465ee728b)
Start importing Assets/DigitalKonstrukt/Prototyping_Pack_Free/Resources/Meshes/Collectables/PTK_Collectable_2.fbx using Guid(7db42757b9c1bab409898528713982e0) Importer(815301076,1909f56bfc062723c751e8b465ee728b)  -> (artifact id: '5932b8e99c8d9467020e1c3221ae5e29') in 0.025490 seconds 
========================================================================
Received Import Request.
  Time since last request: 0.315244 seconds.
  path: Assets/DigitalKonstrukt/Prototyping_Pack_Free/Resources/Meshes/Columns/PTK_Column_Edge_Medium.fbx
  artifactKey: Guid(f5d03cefbd2d8fc458d323ae1fd12796) Importer(815301076,1909f56bfc062723c751e8b465ee728b)
Start importing Assets/DigitalKonstrukt/Prototyping_Pack_Free/Resources/Meshes/Columns/PTK_Column_Edge_Medium.fbx using Guid(f5d03cefbd2d8fc458d323ae1fd12796) Importer(815301076,1909f56bfc062723c751e8b465ee728b)  -> (artifact id: 'fc7511e884e0637504d34ab1bd218885') in 0.024477 seconds 
========================================================================
Received Import Request.
  Time since last request: 0.000030 seconds.
  path: Assets/DigitalKonstrukt/Prototyping_Pack_Free/Resources/Meshes/Columns/PTK_Column_Large.fbx
  artifactKey: Guid(13c5b9d94ac272145a30191629f297fa) Importer(815301076,1909f56bfc062723c751e8b465ee728b)
Start importing Assets/DigitalKonstrukt/Prototyping_Pack_Free/Resources/Meshes/Columns/PTK_Column_Large.fbx using Guid(13c5b9d94ac272145a30191629f297fa) Importer(815301076,1909f56bfc062723c751e8b465ee728b)  -> (artifact id: '9909d000467b10393ee119c0205ee575') in 0.039903 seconds 
========================================================================
Received Import Request.
  Time since last request: 0.883782 seconds.
  path: Assets/DigitalKonstrukt/Prototyping_Pack_Free/Resources/Meshes/Doors/PTK_Door_Medium_2.fbx
  artifactKey: Guid(c3c9198b71a32264eabead9e0bc7098a) Importer(815301076,1909f56bfc062723c751e8b465ee728b)
Start importing Assets/DigitalKonstrukt/Prototyping_Pack_Free/Resources/Meshes/Doors/PTK_Door_Medium_2.fbx using Guid(c3c9198b71a32264eabead9e0bc7098a) Importer(815301076,1909f56bfc062723c751e8b465ee728b)  -> (artifact id: 'bae4d2c36df76e43dee02084459f6980') in 0.038170 seconds 
========================================================================
Received Import Request.
  Time since last request: 0.000030 seconds.
  path: Assets/DigitalKonstrukt/Prototyping_Pack_Free/Resources/Meshes/Doors/PTK_SlidingDoor_Large.fbx
  artifactKey: Guid(020706711b2808e45b30e4740a2fd408) Importer(815301076,1909f56bfc062723c751e8b465ee728b)
Start importing Assets/DigitalKonstrukt/Prototyping_Pack_Free/Resources/Meshes/Doors/PTK_SlidingDoor_Large.fbx using Guid(020706711b2808e45b30e4740a2fd408) Importer(815301076,1909f56bfc062723c751e8b465ee728b)  -> (artifact id: '8890ee3e91c3e901fd430e65f6111d13') in 0.049753 seconds 
========================================================================
Received Import Request.
  Time since last request: 0.000041 seconds.
  path: Assets/DigitalKonstrukt/Prototyping_Pack_Free/Resources/Meshes/Doors/PTK_SlidingDoor_Medium.fbx
  artifactKey: Guid(6e68c6e5d7bfee343872a63435900cfd) Importer(815301076,1909f56bfc062723c751e8b465ee728b)
Start importing Assets/DigitalKonstrukt/Prototyping_Pack_Free/Resources/Meshes/Doors/PTK_SlidingDoor_Medium.fbx using Guid(6e68c6e5d7bfee343872a63435900cfd) Importer(815301076,1909f56bfc062723c751e8b465ee728b)  -> (artifact id: '8df4ee5435eaa4f8c7c1f1307f52f5ab') in 0.042797 seconds 
========================================================================
Received Import Request.
  Time since last request: 0.334494 seconds.
  path: Assets/DigitalKonstrukt/Prototyping_Pack_Free/Resources/Meshes/Ladders/PTK_Ladder_Medium.fbx
  artifactKey: Guid(b21f7b4e34ed8d148851d291c8ed4662) Importer(815301076,1909f56bfc062723c751e8b465ee728b)
Start importing Assets/DigitalKonstrukt/Prototyping_Pack_Free/Resources/Meshes/Ladders/PTK_Ladder_Medium.fbx using Guid(b21f7b4e34ed8d148851d291c8ed4662) Importer(815301076,1909f56bfc062723c751e8b465ee728b)  -> (artifact id: '4c7028e6f88f40e7e0a4fb0c0f37c319') in 0.031197 seconds 
========================================================================
Received Import Request.
  Time since last request: 87.809114 seconds.
  path: Assets/DigitalKonstrukt/Prototyping_Pack_Free/Resources/Prefabs/PointsOfInterest/PTK_ActionField_2.prefab
  artifactKey: Guid(6564934bbf7006f4e9d69d76dcd1afdc) Importer(815301076,1909f56bfc062723c751e8b465ee728b)
Start importing Assets/DigitalKonstrukt/Prototyping_Pack_Free/Resources/Prefabs/PointsOfInterest/PTK_ActionField_2.prefab using Guid(6564934bbf7006f4e9d69d76dcd1afdc) Importer(815301076,1909f56bfc062723c751e8b465ee728b)  -> (artifact id: '12b3b68d1e85e87c9f8f33cbebd30a25') in 0.058536 seconds 
========================================================================
Received Import Request.
  Time since last request: 0.000039 seconds.
  path: Assets/DigitalKonstrukt/Prototyping_Pack_Free/Resources/Prefabs/PointsOfInterest/PTK_ActionField_3.prefab
  artifactKey: Guid(793191320643bf5449da2797043569ca) Importer(815301076,1909f56bfc062723c751e8b465ee728b)
Start importing Assets/DigitalKonstrukt/Prototyping_Pack_Free/Resources/Prefabs/PointsOfInterest/PTK_ActionField_3.prefab using Guid(793191320643bf5449da2797043569ca) Importer(815301076,1909f56bfc062723c751e8b465ee728b)  -> (artifact id: '4e606e94f80db395f4ee4efb8e249067') in 0.030034 seconds 
========================================================================
Received Import Request.
  Time since last request: 0.000054 seconds.
  path: Assets/DigitalKonstrukt/Prototyping_Pack_Free/Resources/Prefabs/PointsOfInterest/PTK_Exclamation_red.prefab
  artifactKey: Guid(0daf957263628ba469725bd52851fa78) Importer(815301076,1909f56bfc062723c751e8b465ee728b)
Start importing Assets/DigitalKonstrukt/Prototyping_Pack_Free/Resources/Prefabs/PointsOfInterest/PTK_Exclamation_red.prefab using Guid(0daf957263628ba469725bd52851fa78) Importer(815301076,1909f56bfc062723c751e8b465ee728b)  -> (artifact id: '1ada2d05d6a0725ceb3d8bcba602842b') in 0.027171 seconds 
========================================================================
Received Import Request.
  Time since last request: 1.768572 seconds.
  path: Assets/DigitalKonstrukt/Prototyping_Pack_Free/Resources/Prefabs/Ladders/PTK_Ladder_Medium.prefab
  artifactKey: Guid(358d9637e06e9d6468f0e57b8265bc5a) Importer(815301076,1909f56bfc062723c751e8b465ee728b)
Start importing Assets/DigitalKonstrukt/Prototyping_Pack_Free/Resources/Prefabs/Ladders/PTK_Ladder_Medium.prefab using Guid(358d9637e06e9d6468f0e57b8265bc5a) Importer(815301076,1909f56bfc062723c751e8b465ee728b)  -> (artifact id: 'a21fd35088f6ea4238155f17b7092bad') in 0.021570 seconds 
========================================================================
Received Import Request.
  Time since last request: 0.851552 seconds.
  path: Assets/DigitalKonstrukt/Prototyping_Pack_Free/Resources/Prefabs/Ramps/PTK_Ramp_Medium.prefab
  artifactKey: Guid(47e679cbed6a2d34285382aaeb83a951) Importer(815301076,1909f56bfc062723c751e8b465ee728b)
Start importing Assets/DigitalKonstrukt/Prototyping_Pack_Free/Resources/Prefabs/Ramps/PTK_Ramp_Medium.prefab using Guid(47e679cbed6a2d34285382aaeb83a951) Importer(815301076,1909f56bfc062723c751e8b465ee728b)  -> (artifact id: '36160f4e0660713cd8d2dc775e1bb1d0') in 0.024446 seconds 
========================================================================
Received Import Request.
  Time since last request: 0.478034 seconds.
  path: Assets/DigitalKonstrukt/Prototyping_Pack_Free/Resources/Prefabs/Stairs/PTK_Stairs_Medium.prefab
  artifactKey: Guid(3730624d7a1898441b246db63cde09ec) Importer(815301076,1909f56bfc062723c751e8b465ee728b)
Start importing Assets/DigitalKonstrukt/Prototyping_Pack_Free/Resources/Prefabs/Stairs/PTK_Stairs_Medium.prefab using Guid(3730624d7a1898441b246db63cde09ec) Importer(815301076,1909f56bfc062723c751e8b465ee728b)  -> (artifact id: 'f678def6000b8cf2de1ea27f19f0d51b') in 0.020801 seconds 
========================================================================
Received Import Request.
  Time since last request: 1.052018 seconds.
  path: Assets/DigitalKonstrukt/Prototyping_Pack_Free/Resources/Prefabs/Walls/PTK_Wall_Large_2.prefab
  artifactKey: Guid(b5eb1f40f38fc7a468ca09049bfea380) Importer(815301076,1909f56bfc062723c751e8b465ee728b)
Start importing Assets/DigitalKonstrukt/Prototyping_Pack_Free/Resources/Prefabs/Walls/PTK_Wall_Large_2.prefab using Guid(b5eb1f40f38fc7a468ca09049bfea380) Importer(815301076,1909f56bfc062723c751e8b465ee728b)  -> (artifact id: '739304f288a5c82a41814a294f705eb4') in 0.023269 seconds 
========================================================================
Received Import Request.
  Time since last request: 0.000031 seconds.
  path: Assets/DigitalKonstrukt/Prototyping_Pack_Free/Resources/Prefabs/Walls/PTK_Wall_Large_4.prefab
  artifactKey: Guid(209728b25a1dee7498573de68103a125) Importer(815301076,1909f56bfc062723c751e8b465ee728b)
Start importing Assets/DigitalKonstrukt/Prototyping_Pack_Free/Resources/Prefabs/Walls/PTK_Wall_Large_4.prefab using Guid(209728b25a1dee7498573de68103a125) Importer(815301076,1909f56bfc062723c751e8b465ee728b)  -> (artifact id: '13ecdd891bd73d60113295b160ec3724') in 0.029964 seconds 
========================================================================
Received Import Request.
  Time since last request: 0.000036 seconds.
  path: Assets/DigitalKonstrukt/Prototyping_Pack_Free/Resources/Prefabs/Walls/PTK_Wall_Medium_1.prefab
  artifactKey: Guid(f22c6b28664f53d45a7182c78eb84eba) Importer(815301076,1909f56bfc062723c751e8b465ee728b)
Start importing Assets/DigitalKonstrukt/Prototyping_Pack_Free/Resources/Prefabs/Walls/PTK_Wall_Medium_1.prefab using Guid(f22c6b28664f53d45a7182c78eb84eba) Importer(815301076,1909f56bfc062723c751e8b465ee728b)  -> (artifact id: '7ceb8988a934f8e6d8ed26e127f9562a') in 0.033485 seconds 
========================================================================
Received Import Request.
  Time since last request: 0.000049 seconds.
  path: Assets/DigitalKonstrukt/Prototyping_Pack_Free/Resources/Prefabs/Walls/PTK_Wall_Medium_4.prefab
  artifactKey: Guid(9ecc29ec91676814b98ef7d1fb13b44b) Importer(815301076,1909f56bfc062723c751e8b465ee728b)
Start importing Assets/DigitalKonstrukt/Prototyping_Pack_Free/Resources/Prefabs/Walls/PTK_Wall_Medium_4.prefab using Guid(9ecc29ec91676814b98ef7d1fb13b44b) Importer(815301076,1909f56bfc062723c751e8b465ee728b)  -> (artifact id: 'da8498c57e45617e9620bd01f45932a6') in 0.039858 seconds 
========================================================================
Received Import Request.
  Time since last request: 0.000029 seconds.
  path: Assets/DigitalKonstrukt/Prototyping_Pack_Free/Resources/Prefabs/Walls/PTK_Wall_Medium_5.prefab
  artifactKey: Guid(f024a2bac71fe964292a9b1796e21d6a) Importer(815301076,1909f56bfc062723c751e8b465ee728b)
Start importing Assets/DigitalKonstrukt/Prototyping_Pack_Free/Resources/Prefabs/Walls/PTK_Wall_Medium_5.prefab using Guid(f024a2bac71fe964292a9b1796e21d6a) Importer(815301076,1909f56bfc062723c751e8b465ee728b)  -> (artifact id: '3b83a2d0f4ce22596e96bdebe033401a') in 0.029061 seconds 
========================================================================
Received Import Request.
  Time since last request: 0.000036 seconds.
  path: Assets/DigitalKonstrukt/Prototyping_Pack_Free/Resources/Prefabs/Walls/PTK_Wall_Small_1.prefab
  artifactKey: Guid(4a3e3d619290a354eb1f0b00faa6dc2b) Importer(815301076,1909f56bfc062723c751e8b465ee728b)
Start importing Assets/DigitalKonstrukt/Prototyping_Pack_Free/Resources/Prefabs/Walls/PTK_Wall_Small_1.prefab using Guid(4a3e3d619290a354eb1f0b00faa6dc2b) Importer(815301076,1909f56bfc062723c751e8b465ee728b)  -> (artifact id: '5804870bf95b35fa4e0ab8ace5b2efd6') in 0.035553 seconds 
========================================================================
Received Import Request.
  Time since last request: 0.000101 seconds.
  path: Assets/DigitalKonstrukt/Prototyping_Pack_Free/Resources/Prefabs/Walls/PTK_Wall_Small_2.prefab
  artifactKey: Guid(f30311a07dfed684a81dea417623c73c) Importer(815301076,1909f56bfc062723c751e8b465ee728b)
Start importing Assets/DigitalKonstrukt/Prototyping_Pack_Free/Resources/Prefabs/Walls/PTK_Wall_Small_2.prefab using Guid(f30311a07dfed684a81dea417623c73c) Importer(815301076,1909f56bfc062723c751e8b465ee728b)  -> (artifact id: '42a847857201c90eda39a5b4b9432834') in 0.028329 seconds 
========================================================================
Received Import Request.
  Time since last request: 0.000046 seconds.
  path: Assets/DigitalKonstrukt/Prototyping_Pack_Free/Resources/Prefabs/Walls/PTK_Wall_Small_3.prefab
  artifactKey: Guid(53f90171c21a00e45b92815d46d3d994) Importer(815301076,1909f56bfc062723c751e8b465ee728b)
Start importing Assets/DigitalKonstrukt/Prototyping_Pack_Free/Resources/Prefabs/Walls/PTK_Wall_Small_3.prefab using Guid(53f90171c21a00e45b92815d46d3d994) Importer(815301076,1909f56bfc062723c751e8b465ee728b)  -> (artifact id: '7fd0c751d61c6b25f46fef84e0b8e479') in 0.054001 seconds 
========================================================================
Received Import Request.
  Time since last request: 1.852086 seconds.
  path: Assets/DigitalKonstrukt/Prototyping_Pack_Free/Resources/Prefabs/Bridges/PTK_Bridge_Small.prefab
  artifactKey: Guid(3a06599b558a48449b83202f7d654300) Importer(815301076,1909f56bfc062723c751e8b465ee728b)
Start importing Assets/DigitalKonstrukt/Prototyping_Pack_Free/Resources/Prefabs/Bridges/PTK_Bridge_Small.prefab using Guid(3a06599b558a48449b83202f7d654300) Importer(815301076,1909f56bfc062723c751e8b465ee728b)  -> (artifact id: 'f39ca7ecb1c52246be53eac24708452e') in 0.020857 seconds 
========================================================================
Received Import Request.
  Time since last request: 0.726002 seconds.
  path: Assets/DigitalKonstrukt/Prototyping_Pack_Free/Resources/Prefabs/Collectables/PTK_Collectable_1_red.prefab
  artifactKey: Guid(70e177edaef3e0c4e8b3eb1bdc204afc) Importer(815301076,1909f56bfc062723c751e8b465ee728b)
Start importing Assets/DigitalKonstrukt/Prototyping_Pack_Free/Resources/Prefabs/Collectables/PTK_Collectable_1_red.prefab using Guid(70e177edaef3e0c4e8b3eb1bdc204afc) Importer(815301076,1909f56bfc062723c751e8b465ee728b)  -> (artifact id: '2923f54a6d5bd58708c93f437a65757a') in 0.021472 seconds 
========================================================================
Received Import Request.
  Time since last request: 0.000107 seconds.
  path: Assets/DigitalKonstrukt/Prototyping_Pack_Free/Resources/Prefabs/Collectables/PTK_Collectable_2_red.prefab
  artifactKey: Guid(9b0953cc164fd0f4ebcbd07e281f258a) Importer(815301076,1909f56bfc062723c751e8b465ee728b)
Start importing Assets/DigitalKonstrukt/Prototyping_Pack_Free/Resources/Prefabs/Collectables/PTK_Collectable_2_red.prefab using Guid(9b0953cc164fd0f4ebcbd07e281f258a) Importer(815301076,1909f56bfc062723c751e8b465ee728b)  -> (artifact id: 'f5dc88e41fd8fcef1b5018d14830f3e4') in 0.042432 seconds 
========================================================================
Received Import Request.
  Time since last request: 0.549437 seconds.
  path: Assets/DigitalKonstrukt/Prototyping_Pack_Free/Resources/Prefabs/Columns/PTK_Column_Edge_Small.prefab
  artifactKey: Guid(47165549cd9765e4d9229b174852972b) Importer(815301076,1909f56bfc062723c751e8b465ee728b)
Start importing Assets/DigitalKonstrukt/Prototyping_Pack_Free/Resources/Prefabs/Columns/PTK_Column_Edge_Small.prefab using Guid(47165549cd9765e4d9229b174852972b) Importer(815301076,1909f56bfc062723c751e8b465ee728b)  -> (artifact id: '8bb181fb603d4448a405104e9632ca4e') in 0.024840 seconds 
========================================================================
Received Import Request.
  Time since last request: 0.000028 seconds.
  path: Assets/DigitalKonstrukt/Prototyping_Pack_Free/Resources/Prefabs/Columns/PTK_Column_Large.prefab
  artifactKey: Guid(4533eb7e49bd8624ca88dfc1c9cef998) Importer(815301076,1909f56bfc062723c751e8b465ee728b)
Start importing Assets/DigitalKonstrukt/Prototyping_Pack_Free/Resources/Prefabs/Columns/PTK_Column_Large.prefab using Guid(4533eb7e49bd8624ca88dfc1c9cef998) Importer(815301076,1909f56bfc062723c751e8b465ee728b)  -> (artifact id: '827315481d90b94f4627918be9b3cd26') in 0.024781 seconds 
========================================================================
Received Import Request.
  Time since last request: 2.585812 seconds.
  path: Assets/DigitalKonstrukt/Prototyping_Pack_Free/Resources/Prefabs/Cuboids/PTK_Cuboid_3.prefab
  artifactKey: Guid(8b9239982e8f5194bae7e3df2b6cd9b0) Importer(815301076,1909f56bfc062723c751e8b465ee728b)
Start importing Assets/DigitalKonstrukt/Prototyping_Pack_Free/Resources/Prefabs/Cuboids/PTK_Cuboid_3.prefab using Guid(8b9239982e8f5194bae7e3df2b6cd9b0) Importer(815301076,1909f56bfc062723c751e8b465ee728b)  -> (artifact id: 'b405a71346f7f41566818bf82e9f41c0') in 0.048818 seconds 
========================================================================
Received Import Request.
  Time since last request: 5.727521 seconds.
  path: Assets/DigitalKonstrukt/Prototyping_Pack_Free/Resources/Prefabs/Doors/PTK_DoubleDoor_Medium.prefab
  artifactKey: Guid(588182d91cae74549ae2bc9f699308d7) Importer(815301076,1909f56bfc062723c751e8b465ee728b)
Start importing Assets/DigitalKonstrukt/Prototyping_Pack_Free/Resources/Prefabs/Doors/PTK_DoubleDoor_Medium.prefab using Guid(588182d91cae74549ae2bc9f699308d7) Importer(815301076,1909f56bfc062723c751e8b465ee728b)  -> (artifact id: '4ef644a84cd2e3a2a1f6f0391941957f') in 0.027798 seconds 
========================================================================
Received Import Request.
  Time since last request: 0.000037 seconds.
  path: Assets/DigitalKonstrukt/Prototyping_Pack_Free/Resources/Prefabs/Doors/PTK_SlidingDoor_Large.prefab
  artifactKey: Guid(4ebc420b94c1c9f469d3c2e96b6fde3c) Importer(815301076,1909f56bfc062723c751e8b465ee728b)
Start importing Assets/DigitalKonstrukt/Prototyping_Pack_Free/Resources/Prefabs/Doors/PTK_SlidingDoor_Large.prefab using Guid(4ebc420b94c1c9f469d3c2e96b6fde3c) Importer(815301076,1909f56bfc062723c751e8b465ee728b)  -> (artifact id: '1a2cb87a94106abf52748a2d6535ab0f') in 0.031759 seconds 
========================================================================
Received Import Request.
  Time since last request: 0.000046 seconds.
  path: Assets/DigitalKonstrukt/Prototyping_Pack_Free/Resources/Prefabs/Doors/PTK_Tunnel_Medium.prefab
  artifactKey: Guid(1c4de98541e69804d81273f99690b9fa) Importer(815301076,1909f56bfc062723c751e8b465ee728b)
Start importing Assets/DigitalKonstrukt/Prototyping_Pack_Free/Resources/Prefabs/Doors/PTK_Tunnel_Medium.prefab using Guid(1c4de98541e69804d81273f99690b9fa) Importer(815301076,1909f56bfc062723c751e8b465ee728b)  -> (artifact id: '440d4595fb897319b3cc9d6e906014a2') in 0.022373 seconds 
Editor requested this worker to shutdown with reason: Scaling down because of idle timeout
AssetImportWorker is now disconnected from the server
Process exiting
Exiting without the bug reporter. Application will terminate with return code 0